# JRE version: Java(TM) SE Runtime Environment (25.0.3+9) (build 25.0.3+9-LTS-195)
# Java VM: Java HotSpot(TM) 64-Bit Server VM (25.0.3+9-LTS-195, mixed mode, sharing, tiered, compressed oops, compressed class ptrs, g1 gc, windows-amd64)
GC Precious Log:
 CardTable entry size: 512
 Card Set container configuration: InlinePtr #cards 5 size 8 Array Of Cards #cards 10 size 36 Howl #buckets 4 coarsen threshold 1843 Howl Bitmap #cards 512 size 80 coarsen threshold 460 Card regions per heap region 1 cards per card region 2048
 CPUs: 4 total, 4 available
 Memory: 3863M
 Large Page Support: Disabled
 NUMA Support: Disabled
 Compressed Oops: Enabled (32-bit)
 Heap Region Size: 1M
 Heap Min Capacity: 256M
 Heap Initial Capacity: 256M
 Heap Max Capacity: 512M
 Pre-touch: Disabled
 Parallel Workers: 4
 Concurrent Workers: 1
 Concurrent Refinement Workers: 4
 Periodic GC: Disabled
Heap:
 garbage-first heap   total reserved 524288K, committed 262144K, used 46800K [0x00000000e0000000, 0x0000000100000000)
  region size 1024K, 1 young (1024K), 0 survivors (0K)
GC Heap Usage History (20 events):
Event: 28.926 {heap After GC invocations=9 (full 0):
 garbage-first heap   total reserved 524288K, committed 262144K, used 38878K [0x00000000e0000000, 0x0000000100000000)
  region size 1024K, 15 young (15360K), 15 survivors (15360K)
}
Event: 37.862 {heap Before GC invocations=9 (full 0):
 garbage-first heap   total reserved 524288K, committed 262144K, used 179166K [0x00000000e0000000, 0x0000000100000000)
  region size 1024K, 153 young (156672K), 15 survivors (15360K)
}
Event: 37.907 {heap After GC invocations=10 (full 0):
 garbage-first heap   total reserved 524288K, committed 262144K, used 49822K [0x00000000e0000000, 0x0000000100000000)
  region size 1024K, 19 young (19456K), 19 survivors (19456K)
}
Event: 39.345 {heap Before GC invocations=10 (full 0):
 garbage-first heap   total reserved 524288K, committed 262144K, used 90782K [0x00000000e0000000, 0x0000000100000000)
  region size 1024K, 60 young (61440K), 19 survivors (19456K)
}
Event: 39.494 {heap After GC invocations=11 (full 1):
 garbage-first heap   total reserved 524288K, committed 262144K, used 46766K [0x00000000e0000000, 0x0000000100000000)
  region size 1024K, 0 young (0K), 0 survivors (0K)
}
Event: 39.612 {heap Before GC invocations=11 (full 1):
 garbage-first heap   total reserved 524288K, committed 262144K, used 46766K [0x00000000e0000000, 0x0000000100000000)
  region size 1024K, 1 young (1024K), 0 survivors (0K)
}
Event: 39.697 {heap After GC invocations=12 (full 2):
 garbage-first heap   total reserved 524288K, committed 262144K, used 46775K [0x00000000e0000000, 0x0000000100000000)
  region size 1024K, 0 young (0K), 0 survivors (0K)
}
Event: 39.836 {heap Before GC invocations=12 (full 2):
 garbage-first heap   total reserved 524288K, committed 262144K, used 46775K [0x00000000e0000000, 0x0000000100000000)
  region size 1024K, 1 young (1024K), 0 survivors (0K)
}
Event: 39.914 {heap After GC invocations=13 (full 3):
 garbage-first heap   total reserved 524288K, committed 262144K, used 46779K [0x00000000e0000000, 0x0000000100000000)
  region size 1024K, 0 young (0K), 0 survivors (0K)
}
Event: 40.036 {heap Before GC invocations=13 (full 3):
 garbage-first heap   total reserved 524288K, committed 262144K, used 46779K [0x00000000e0000000, 0x0000000100000000)
  region size 1024K, 1 young (1024K), 0 survivors (0K)
}
Event: 40.093 {heap After GC invocations=14 (full 4):
 garbage-first heap   total reserved 524288K, committed 262144K, used 46784K [0x00000000e0000000, 0x0000000100000000)
  region size 1024K, 0 young (0K), 0 survivors (0K)
}
Event: 40.200 {heap Before GC invocations=14 (full 4):
 garbage-first heap   total reserved 524288K, committed 262144K, used 46784K [0x00000000e0000000, 0x0000000100000000)
  region size 1024K, 1 young (1024K), 0 survivors (0K)
}
Event: 40.257 {heap After GC invocations=15 (full 5):
 garbage-first heap   total reserved 524288K, committed 262144K, used 46788K [0x00000000e0000000, 0x0000000100000000)
  region size 1024K, 0 young (0K), 0 survivors (0K)
}
Event: 40.389 {heap Before GC invocations=15 (full 5):
 garbage-first heap   total reserved 524288K, committed 262144K, used 46788K [0x00000000e0000000, 0x0000000100000000)
  region size 1024K, 1 young (1024K), 0 survivors (0K)
}
Event: 40.447 {heap After GC invocations=16 (full 6):
 garbage-first heap   total reserved 524288K, committed 262144K, used 46792K [0x00000000e0000000, 0x0000000100000000)
  region size 1024K, 0 young (0K), 0 survivors (0K)
}
Event: 40.577 {heap Before GC invocations=16 (full 6):
 garbage-first heap   total reserved 524288K, committed 262144K, used 46792K [0x00000000e0000000, 0x0000000100000000)
  region size 1024K, 1 young (1024K), 0 survivors (0K)
}
Event: 40.649 {heap After GC invocations=17 (full 7):
 garbage-first heap   total reserved 524288K, committed 262144K, used 46796K [0x00000000e0000000, 0x0000000100000000)
  region size 1024K, 0 young (0K), 0 survivors (0K)
}
Event: 40.755 {heap Before GC invocations=17 (full 7):
 garbage-first heap   total reserved 524288K, committed 262144K, used 46796K [0x00000000e0000000, 0x0000000100000000)
  region size 1024K, 1 young (1024K), 0 survivors (0K)
}
Event: 40.833 {heap After GC invocations=18 (full 8):
 garbage-first heap   total reserved 524288K, committed 262144K, used 46800K [0x00000000e0000000, 0x0000000100000000)
  region size 1024K, 0 young (0K), 0 survivors (0K)
}
Event: 40.938 {heap Before GC invocations=18 (full 8):
 garbage-first heap   total reserved 524288K, committed 262144K, used 46800K [0x00000000e0000000, 0x0000000100000000)
  region size 1024K, 1 young (1024K), 0 survivors (0K)
}

